\BOOKMARK [1][-]{section.1}{Czesc 1.}{}% 1
\BOOKMARK [2][-]{subsection.1.1}{Ustawienia sieci}{section.1}% 2
\BOOKMARK [2][-]{subsection.1.2}{Adresy MAC maszyn}{section.1}% 3
\BOOKMARK [2][-]{subsection.1.3}{Ping 192.168.0.2}{section.1}% 4
\BOOKMARK [2][-]{subsection.1.4}{Ping -b 192.168.0.255}{section.1}% 5
\BOOKMARK [2][-]{subsection.1.5}{Tablica ARP}{section.1}% 6
\BOOKMARK [2][-]{subsection.1.6}{Odpowiedzi}{section.1}% 7
\BOOKMARK [3][-]{subsubsection.1.6.1}{Co jest danymi ramki w przypadku zapytan ARP?}{subsection.1.6}% 8
\BOOKMARK [3][-]{subsubsection.1.6.2}{Czy zapytania ARP sa wysy\233ane do konkretnego komputera czy na adres rozg\233oszeniowy?}{subsection.1.6}% 9
\BOOKMARK [3][-]{subsubsection.1.6.3}{Czy odpowiedzi ARP sa wysy\233ane do konkretnego komputera czy na adres rozg\233oszeniowy?}{subsection.1.6}% 10
\BOOKMARK [1][-]{section.2}{Czesc 2.}{}% 11
\BOOKMARK [2][-]{subsection.2.1}{Jakie sa zakresy adres\363w tych sieci?}{section.2}% 12
\BOOKMARK [2][-]{subsection.2.2}{Ping z V1}{section.2}% 13
\BOOKMARK [3][-]{subsubsection.2.2.1}{Kt\363re maszyny otrzyma\233y komunikat ICMP echo request? Kt\363re nie otrzyma\233y i dlaczego?}{subsection.2.2}% 14
\BOOKMARK [3][-]{subsubsection.2.2.2}{Kt\363re maszyny wys\233a\233y w odpowiedzi komunikat ICMP echo reply? Kt\363re nie wys\233a\233y i dlaczego?}{subsection.2.2}% 15
\BOOKMARK [3][-]{subsubsection.2.2.3}{Kt\363re odpowiedzi dotar\233y do maszyny Virbian1 ? Kt\363re nie dotar\233y i dlaczego?}{subsection.2.2}% 16
\BOOKMARK [2][-]{subsection.2.3}{Ping z V2}{section.2}% 17
\BOOKMARK [3][-]{subsubsection.2.3.1}{Kt\363re maszyny otrzyma\233y komunikat ICMP echo request? Kt\363re nie otrzyma\233y i dlaczego?}{subsection.2.3}% 18
\BOOKMARK [3][-]{subsubsection.2.3.2}{Kt\363re maszyny wys\233a\233y w odpowiedzi komunikat ICMP echo reply? Kt\363re nie wys\233a\233y i dlaczego?}{subsection.2.3}% 19
\BOOKMARK [3][-]{subsubsection.2.3.3}{Kt\363re odpowiedzi dotar\233y do maszyny Virbian1 ? Kt\363re nie dotar\233y i dlaczego?}{subsection.2.3}% 20
\BOOKMARK [2][-]{subsection.2.4}{Ping z V3}{section.2}% 21
\BOOKMARK [3][-]{subsubsection.2.4.1}{Kt\363re maszyny otrzyma\233y komunikat ICMP echo request? Kt\363re nie otrzyma\233y i dlaczego?}{subsection.2.4}% 22
\BOOKMARK [3][-]{subsubsection.2.4.2}{Kt\363re maszyny wys\233a\233y w odpowiedzi komunikat ICMP echo reply? Kt\363re nie wys\233a\233y i dlaczego?}{subsection.2.4}% 23
\BOOKMARK [3][-]{subsubsection.2.4.3}{Kt\363re odpowiedzi dotar\233y do maszyny Virbian1 ? Kt\363re nie dotar\233y i dlaczego?}{subsection.2.4}% 24
\BOOKMARK [2][-]{subsection.2.5}{Ping z V4}{section.2}% 25
\BOOKMARK [3][-]{subsubsection.2.5.1}{Kt\363re maszyny otrzyma\233y komunikat ICMP echo request? Kt\363re nie otrzyma\233y i dlaczego?}{subsection.2.5}% 26
\BOOKMARK [3][-]{subsubsection.2.5.2}{Kt\363re maszyny wys\233a\233y w odpowiedzi komunikat ICMP echo reply? Kt\363re nie wys\233a\233y i dlaczego?}{subsection.2.5}% 27
\BOOKMARK [3][-]{subsubsection.2.5.3}{Kt\363re odpowiedzi dotar\233y do maszyny Virbian1 ? Kt\363re nie dotar\233y i dlaczego?}{subsection.2.5}% 28
