0000 ................................................................
0064 ................................................................
0128 ...O......O.....................................................
0192 ................................................................
0256 ................................................................
0320 ...................O........O.......O...........................
0384 ..O....................O........................................
0448 ..................................................O.............
0512 ....................O...............................O...........
0576 .......................................................O........
0640 ................................................................
0704 ................................................................
0768 ......................................................O.........
0832 ......O..........O..............................................
0896 ................................................................
0960 ................................................................
1024 .......................................O...............O........
1088 .......O........................................................
1152 ............................O...................O...............
1216 ................................................................
1280 ........O.......................................................
1344 ................................................................
1408 ......O.....................................................O...
1472 ....................O.............O.............................
1536 ................................................................
1600 ................................................................
1664 ..................................O..............O..............
1728 ...................................................O............
1792 ..................................O.............................
1856 ................................................................
1920 ................................O............O...O.........O....
1984 ..................O...........................................O.
2048 ................................................................
2112 ......................O........O..........................O.....
2176 ................................................................
2240 ................................................................
2304 ......................................................O.........
2368 ........................................................OO.O....
2432 .............O..................................................
2496 ................................................................
2560 ........................................................O.......
2624 ................................................................
2688 .........O............................O.........................
2752 ............O................................O..................
2816 ............................................O...................
2880 ................................................................
2944 .......O..O.....................................................
3008 .O........................................O.........O...........
3072 ......................................O........O................
3136 ............................................O...................
3200 ...O................................................O...........
3264 ......O.......O.................................................
3328 ................................................................
3392 ............................................................O...
3456 ................................................................
3520 ................................................................
3584 ................................................................
3648 ..............O.......O.........................................
3712 ............................................O...................
3776 ................................................................
3840 ..........................O..........................O..........
3904 ................................................................
3968 ................................................O...............
4032 ..................O.............................................
4096 ................................................................
4160 ...................................O............................
4224 ................................................................
4288 ..............O....................O............................
4352 ................................................................
4416 ..............O.................................................
4480 ...................................................O............
4544 ....................O...........................................
4608 ........O.........................................O.............
4672 ............OO........................O.........................
4736 ..........O..........O..........................................
4800 ................................................................
4864 ................................................................
4928 ...................................O............................
4992 ................................................................
5056 .......................O........................................
5120 .............OO.........O..O....................................
5184 ................................................................
5248 .............................................................O..
5312 ................................................................
5376 .................O......................................O.......
5440 ..........O.........................................O...........
5504 ...............................O................................
5568 ..O.............................................................
5632 .......................O.....................................O..
5696 ................................................O...............
5760 ....................................................O....O.O....
5824 .............................................O..................
5888 ........................................................O.......
5952 ............................................................O...
6016 ................................................................
6080 ................................................................
6144 ............................O...................................
6208 ................................................O...............
6272 ..............................O.......O..................O......
6336 ................................................................
6400 ....................................O...........................
6464 .........O.................................O....................
6528 ................................................................
6592 ..............................O.................................
6656 ..............................................O.................
6720 ........................................................O.O.....
6784 ..........................O....O................................
6848 ................................................................
6912 ...................O............................................
6976 ................................................................
7040 ......................................O.........................
7104 ................................................................
7168 ......O.........................................................
7232 ................................................................
7296 .............................O...........O...O..................
7360 ................................................................
7424 ..........O.....................................................
7488 ...................................O..............O.............
7552 .............................O..................................
7616 .....................O..........O...............................
7680 ..............................O..........................O......
7744 ........................O.......................................
7808 ................................................................
7872 .............................................................O..
7936 ............O.................O.........O.......................
8000 ................................................................
8064 ........................O.......................................
8128 ..............................................................O.
Non-zero blocks: 138
